<?xml version="1.0" encoding="UTF-8"?>
<!-- Generated by org.testng.reporters.JUnitReportReporter -->
<testsuite hostname="Yatendra-PC" failures="0" tests="2" name="com.mavenjava.SeleniumTest" time="0.004" errors="0" timestamp="2020-08-06T17:04:24 IST" skipped="0">
  <testcase classname="com.mavenjava.SeleniumTest" name="browserAutomation" time="0.002"/>
  <system-out/>
  <testcase classname="com.mavenjava.SeleniumTest" name="elementsUI" time="0.002"/>
  <system-out/>
</testsuite> <!-- com.mavenjava.SeleniumTest -->
