<?xml version="1.0" encoding="UTF-8"?>
<!-- Generated by org.testng.reporters.JUnitReportReporter -->
<testsuite hostname="Yatendra-PC" failures="0" tests="2" name="com.mavenjava.AppiumTest" time="0.003" errors="0" timestamp="2020-08-06T17:04:24 IST" skipped="0">
  <testcase classname="com.mavenjava.AppiumTest" name="nativeAppAndroid" time="0.002"/>
  <system-out/>
  <testcase classname="com.mavenjava.AppiumTest" name="IOSApps" time="0.001"/>
  <system-out/>
</testsuite> <!-- com.mavenjava.AppiumTest -->
