<?xml version="1.0" encoding="UTF-8"?>
<!-- Generated by org.testng.reporters.JUnitReportReporter -->
<testsuite hostname="Yatendra-PC" failures="0" tests="2" name="com.mavenjava.RESTAPITest" time="0.005" errors="0" timestamp="2020-08-06T17:49:03 IST" skipped="0">
  <testcase classname="com.mavenjava.RESTAPITest" name="deleteTwitter" time="0.005"/>
  <system-out/>
  <testcase classname="com.mavenjava.RESTAPITest" name="postJira" time="0.000"/>
  <system-out/>
</testsuite> <!-- com.mavenjava.RESTAPITest -->
